mode: atomic
blackjack/backend/usecase/game_usecase.go:79.114,85.2 1 123
blackjack/backend/usecase/game_usecase.go:88.95,89.22 1 3
blackjack/backend/usecase/game_usecase.go:89.22,91.3 1 1
blackjack/backend/usecase/game_usecase.go:92.2,96.16 4 2
blackjack/backend/usecase/game_usecase.go:96.16,98.3 1 0
blackjack/backend/usecase/game_usecase.go:99.2,99.62 1 2
blackjack/backend/usecase/game_usecase.go:99.62,101.3 1 0
blackjack/backend/usecase/game_usecase.go:102.2,104.69 2 2
blackjack/backend/usecase/game_usecase.go:104.69,106.3 1 2
blackjack/backend/usecase/game_usecase.go:106.17,108.3 1 1
blackjack/backend/usecase/game_usecase.go:109.2,109.18 1 1
blackjack/backend/usecase/game_usecase.go:113.97,114.18 1 10
blackjack/backend/usecase/game_usecase.go:114.18,116.3 1 1
blackjack/backend/usecase/game_usecase.go:117.2,117.18 1 9
blackjack/backend/usecase/game_usecase.go:117.18,119.3 1 1
blackjack/backend/usecase/game_usecase.go:120.2,121.16 2 8
blackjack/backend/usecase/game_usecase.go:121.16,123.3 1 1
blackjack/backend/usecase/game_usecase.go:124.2,124.46 1 7
blackjack/backend/usecase/game_usecase.go:124.46,126.3 1 1
blackjack/backend/usecase/game_usecase.go:127.2,127.31 1 6
blackjack/backend/usecase/game_usecase.go:127.31,129.3 1 1
blackjack/backend/usecase/game_usecase.go:130.2,131.16 2 5
blackjack/backend/usecase/game_usecase.go:131.16,133.3 1 1
blackjack/backend/usecase/game_usecase.go:134.2,135.28 2 4
blackjack/backend/usecase/game_usecase.go:135.28,136.85 1 1
blackjack/backend/usecase/game_usecase.go:136.85,138.4 1 1
blackjack/backend/usecase/game_usecase.go:140.2,140.22 1 4
blackjack/backend/usecase/game_usecase.go:140.22,142.3 1 1
blackjack/backend/usecase/game_usecase.go:144.2,146.16 3 3
blackjack/backend/usecase/game_usecase.go:146.16,148.3 1 0
blackjack/backend/usecase/game_usecase.go:149.2,149.97 1 3
blackjack/backend/usecase/game_usecase.go:149.97,151.3 1 0
blackjack/backend/usecase/game_usecase.go:152.2,154.69 2 3
blackjack/backend/usecase/game_usecase.go:154.69,155.58 1 3
blackjack/backend/usecase/game_usecase.go:155.58,156.42 1 2
blackjack/backend/usecase/game_usecase.go:156.42,158.5 1 1
blackjack/backend/usecase/game_usecase.go:159.4,159.14 1 1
blackjack/backend/usecase/game_usecase.go:161.3,161.34 1 1
blackjack/backend/usecase/game_usecase.go:162.17,164.3 1 3
blackjack/backend/usecase/game_usecase.go:165.2,165.18 1 0
blackjack/backend/usecase/game_usecase.go:169.116,170.18 1 16
blackjack/backend/usecase/game_usecase.go:170.18,172.3 1 1
blackjack/backend/usecase/game_usecase.go:173.2,173.18 1 15
blackjack/backend/usecase/game_usecase.go:173.18,175.3 1 1
blackjack/backend/usecase/game_usecase.go:176.2,177.16 2 14
blackjack/backend/usecase/game_usecase.go:177.16,179.3 1 0
blackjack/backend/usecase/game_usecase.go:180.2,180.31 1 14
blackjack/backend/usecase/game_usecase.go:180.31,182.17 2 4
blackjack/backend/usecase/game_usecase.go:182.17,183.37 1 2
blackjack/backend/usecase/game_usecase.go:183.37,185.5 1 1
blackjack/backend/usecase/game_usecase.go:186.4,186.24 1 1
blackjack/backend/usecase/game_usecase.go:188.3,188.39 1 2
blackjack/backend/usecase/game_usecase.go:188.39,190.4 1 1
blackjack/backend/usecase/game_usecase.go:192.2,192.34 1 11
blackjack/backend/usecase/game_usecase.go:192.34,194.3 1 1
blackjack/backend/usecase/game_usecase.go:195.2,196.16 2 10
blackjack/backend/usecase/game_usecase.go:196.16,197.36 1 1
blackjack/backend/usecase/game_usecase.go:197.36,199.4 1 1
blackjack/backend/usecase/game_usecase.go:200.3,200.23 1 0
blackjack/backend/usecase/game_usecase.go:202.2,202.24 1 9
blackjack/backend/usecase/game_usecase.go:206.92,207.18 1 2
blackjack/backend/usecase/game_usecase.go:207.18,209.3 1 1
blackjack/backend/usecase/game_usecase.go:210.2,210.47 1 1
blackjack/backend/usecase/game_usecase.go:214.113,215.18 1 8
blackjack/backend/usecase/game_usecase.go:215.18,217.3 1 1
blackjack/backend/usecase/game_usecase.go:218.2,218.18 1 7
blackjack/backend/usecase/game_usecase.go:218.18,220.3 1 1
blackjack/backend/usecase/game_usecase.go:221.2,222.16 2 6
blackjack/backend/usecase/game_usecase.go:222.16,224.3 1 0
blackjack/backend/usecase/game_usecase.go:225.2,225.34 1 6
blackjack/backend/usecase/game_usecase.go:225.34,227.3 1 1
blackjack/backend/usecase/game_usecase.go:228.2,229.16 2 5
blackjack/backend/usecase/game_usecase.go:229.16,231.3 1 1
blackjack/backend/usecase/game_usecase.go:232.2,232.38 1 4
blackjack/backend/usecase/game_usecase.go:232.38,234.3 1 0
blackjack/backend/usecase/game_usecase.go:235.2,236.16 2 4
blackjack/backend/usecase/game_usecase.go:236.16,238.3 1 1
blackjack/backend/usecase/game_usecase.go:239.2,243.29 5 3
blackjack/backend/usecase/game_usecase.go:243.29,244.26 1 4
blackjack/backend/usecase/game_usecase.go:244.26,245.12 1 3
blackjack/backend/usecase/game_usecase.go:247.3,247.87 1 1
blackjack/backend/usecase/game_usecase.go:247.87,249.4 1 1
blackjack/backend/usecase/game_usecase.go:252.2,252.31 1 3
blackjack/backend/usecase/game_usecase.go:252.31,253.67 1 3
blackjack/backend/usecase/game_usecase.go:253.67,260.4 2 1
blackjack/backend/usecase/game_usecase.go:262.2,262.77 1 3
blackjack/backend/usecase/game_usecase.go:262.77,264.3 1 0
blackjack/backend/usecase/game_usecase.go:265.2,266.69 2 3
blackjack/backend/usecase/game_usecase.go:266.69,267.53 1 3
blackjack/backend/usecase/game_usecase.go:267.53,269.4 1 1
blackjack/backend/usecase/game_usecase.go:270.3,270.34 1 2
blackjack/backend/usecase/game_usecase.go:271.17,273.3 1 2
blackjack/backend/usecase/game_usecase.go:274.2,274.28 1 1
blackjack/backend/usecase/game_usecase.go:277.90,279.28 2 6
blackjack/backend/usecase/game_usecase.go:279.28,280.32 1 11
blackjack/backend/usecase/game_usecase.go:280.32,281.12 1 6
blackjack/backend/usecase/game_usecase.go:283.3,283.85 1 5
blackjack/backend/usecase/game_usecase.go:283.85,285.4 1 5
blackjack/backend/usecase/game_usecase.go:287.2,287.26 1 6
blackjack/backend/usecase/game_usecase.go:287.26,289.3 1 3
blackjack/backend/usecase/game_usecase.go:290.2,290.45 1 3
blackjack/backend/usecase/game_usecase.go:290.45,291.51 1 2
blackjack/backend/usecase/game_usecase.go:291.51,293.4 1 2
blackjack/backend/usecase/game_usecase.go:294.3,294.53 1 0
blackjack/backend/usecase/game_usecase.go:296.2,296.22 1 3
blackjack/backend/usecase/game_usecase.go:300.106,301.18 1 8
blackjack/backend/usecase/game_usecase.go:301.18,303.3 1 1
blackjack/backend/usecase/game_usecase.go:304.2,304.18 1 7
blackjack/backend/usecase/game_usecase.go:304.18,306.3 1 1
blackjack/backend/usecase/game_usecase.go:307.2,308.69 2 6
blackjack/backend/usecase/game_usecase.go:308.69,310.17 2 6
blackjack/backend/usecase/game_usecase.go:310.17,312.4 1 1
blackjack/backend/usecase/game_usecase.go:313.3,313.32 1 5
blackjack/backend/usecase/game_usecase.go:313.32,315.4 1 1
blackjack/backend/usecase/game_usecase.go:316.3,318.50 3 4
blackjack/backend/usecase/game_usecase.go:318.50,320.4 1 1
blackjack/backend/usecase/game_usecase.go:321.3,321.68 1 3
blackjack/backend/usecase/game_usecase.go:321.68,323.4 1 1
blackjack/backend/usecase/game_usecase.go:324.3,324.67 1 2
blackjack/backend/usecase/game_usecase.go:324.67,326.4 1 1
blackjack/backend/usecase/game_usecase.go:327.3,327.63 1 1
blackjack/backend/usecase/game_usecase.go:327.63,329.4 1 0
blackjack/backend/usecase/game_usecase.go:330.3,331.50 2 1
blackjack/backend/usecase/game_usecase.go:331.50,333.4 1 1
blackjack/backend/usecase/game_usecase.go:334.3,335.13 2 0
blackjack/backend/usecase/game_usecase.go:336.17,338.3 1 6
blackjack/backend/usecase/game_usecase.go:339.2,339.17 1 0
blackjack/backend/usecase/game_usecase.go:343.109,344.18 1 8
blackjack/backend/usecase/game_usecase.go:344.18,346.3 1 1
blackjack/backend/usecase/game_usecase.go:347.2,347.18 1 7
blackjack/backend/usecase/game_usecase.go:347.18,349.3 1 1
blackjack/backend/usecase/game_usecase.go:350.2,351.16 2 6
blackjack/backend/usecase/game_usecase.go:351.16,353.3 1 1
blackjack/backend/usecase/game_usecase.go:354.2,354.31 1 5
blackjack/backend/usecase/game_usecase.go:354.31,356.17 2 4
blackjack/backend/usecase/game_usecase.go:356.17,357.37 1 2
blackjack/backend/usecase/game_usecase.go:357.37,359.5 1 1
blackjack/backend/usecase/game_usecase.go:360.4,360.19 1 1
blackjack/backend/usecase/game_usecase.go:362.3,362.39 1 2
blackjack/backend/usecase/game_usecase.go:362.39,364.4 1 1
blackjack/backend/usecase/game_usecase.go:366.2,366.51 1 2
blackjack/backend/usecase/game_usecase.go:370.118,371.18 1 16
blackjack/backend/usecase/game_usecase.go:371.18,373.3 1 1
blackjack/backend/usecase/game_usecase.go:374.2,374.18 1 15
blackjack/backend/usecase/game_usecase.go:374.18,376.3 1 1
blackjack/backend/usecase/game_usecase.go:377.2,378.16 2 14
blackjack/backend/usecase/game_usecase.go:378.16,380.3 1 1
blackjack/backend/usecase/game_usecase.go:381.2,381.31 1 13
blackjack/backend/usecase/game_usecase.go:381.31,383.3 1 1
blackjack/backend/usecase/game_usecase.go:384.2,384.42 1 12
blackjack/backend/usecase/game_usecase.go:384.42,386.3 1 1
blackjack/backend/usecase/game_usecase.go:387.2,388.16 2 11
blackjack/backend/usecase/game_usecase.go:388.16,390.3 1 1
blackjack/backend/usecase/game_usecase.go:391.2,391.94 1 10
blackjack/backend/usecase/game_usecase.go:391.94,393.3 1 1
blackjack/backend/usecase/game_usecase.go:394.2,394.34 1 9
blackjack/backend/usecase/game_usecase.go:394.34,396.3 1 1
blackjack/backend/usecase/game_usecase.go:397.2,399.49 3 8
blackjack/backend/usecase/game_usecase.go:399.49,401.3 1 1
blackjack/backend/usecase/game_usecase.go:402.2,402.19 1 7
blackjack/backend/usecase/game_usecase.go:402.19,404.3 1 1
blackjack/backend/usecase/game_usecase.go:406.2,408.16 3 7
blackjack/backend/usecase/game_usecase.go:408.16,410.3 1 0
blackjack/backend/usecase/game_usecase.go:411.2,413.16 3 7
blackjack/backend/usecase/game_usecase.go:413.16,415.3 1 0
blackjack/backend/usecase/game_usecase.go:416.2,417.16 2 7
blackjack/backend/usecase/game_usecase.go:417.16,419.3 1 0
blackjack/backend/usecase/game_usecase.go:421.2,421.60 1 7
blackjack/backend/usecase/game_usecase.go:421.60,423.3 1 0
blackjack/backend/usecase/game_usecase.go:424.2,424.83 1 7
blackjack/backend/usecase/game_usecase.go:424.83,426.3 1 0
blackjack/backend/usecase/game_usecase.go:427.2,430.42 3 7
blackjack/backend/usecase/game_usecase.go:430.42,431.83 1 1
blackjack/backend/usecase/game_usecase.go:431.83,433.4 1 0
blackjack/backend/usecase/game_usecase.go:434.3,434.84 1 1
blackjack/backend/usecase/game_usecase.go:434.84,436.4 1 0
blackjack/backend/usecase/game_usecase.go:437.3,437.28 1 1
blackjack/backend/usecase/game_usecase.go:439.2,440.85 2 7
blackjack/backend/usecase/game_usecase.go:440.85,442.3 1 0
blackjack/backend/usecase/game_usecase.go:443.2,446.69 3 7
blackjack/backend/usecase/game_usecase.go:446.69,447.53 1 7
blackjack/backend/usecase/game_usecase.go:447.53,449.4 1 1
blackjack/backend/usecase/game_usecase.go:450.3,450.59 1 6
blackjack/backend/usecase/game_usecase.go:450.59,452.4 1 1
blackjack/backend/usecase/game_usecase.go:453.3,453.59 1 5
blackjack/backend/usecase/game_usecase.go:453.59,455.4 1 1
blackjack/backend/usecase/game_usecase.go:456.3,456.34 1 4
blackjack/backend/usecase/game_usecase.go:457.17,459.3 1 4
blackjack/backend/usecase/game_usecase.go:460.2,460.24 1 3
blackjack/backend/usecase/game_usecase.go:464.152,466.2 1 24
blackjack/backend/usecase/game_usecase.go:469.154,471.2 1 2
blackjack/backend/usecase/game_usecase.go:474.169,475.18 1 26
blackjack/backend/usecase/game_usecase.go:475.18,477.3 1 1
blackjack/backend/usecase/game_usecase.go:478.2,478.60 1 25
blackjack/backend/usecase/game_usecase.go:478.60,480.3 1 3
blackjack/backend/usecase/game_usecase.go:481.2,482.16 2 22
blackjack/backend/usecase/game_usecase.go:482.16,484.3 1 1
blackjack/backend/usecase/game_usecase.go:485.2,485.34 1 21
blackjack/backend/usecase/game_usecase.go:485.34,487.3 1 1
blackjack/backend/usecase/game_usecase.go:488.2,489.16 2 20
blackjack/backend/usecase/game_usecase.go:489.16,491.3 1 1
blackjack/backend/usecase/game_usecase.go:492.2,492.59 1 19
blackjack/backend/usecase/game_usecase.go:492.59,494.3 1 1
blackjack/backend/usecase/game_usecase.go:495.2,496.16 2 18
blackjack/backend/usecase/game_usecase.go:496.16,497.36 1 2
blackjack/backend/usecase/game_usecase.go:497.36,499.4 1 1
blackjack/backend/usecase/game_usecase.go:500.3,500.23 1 1
blackjack/backend/usecase/game_usecase.go:502.2,503.16 2 16
blackjack/backend/usecase/game_usecase.go:503.16,505.3 1 1
blackjack/backend/usecase/game_usecase.go:506.2,506.65 1 15
blackjack/backend/usecase/game_usecase.go:506.65,508.3 1 1
blackjack/backend/usecase/game_usecase.go:509.2,510.10 2 14
blackjack/backend/usecase/game_usecase.go:510.10,512.3 1 2
blackjack/backend/usecase/game_usecase.go:513.2,524.84 4 14
blackjack/backend/usecase/game_usecase.go:524.84,526.3 1 2
blackjack/backend/usecase/game_usecase.go:526.8,526.19 1 12
blackjack/backend/usecase/game_usecase.go:526.19,528.3 1 2
blackjack/backend/usecase/game_usecase.go:530.2,531.9 2 10
blackjack/backend/usecase/game_usecase.go:531.9,533.17 2 8
blackjack/backend/usecase/game_usecase.go:533.17,535.4 1 1
blackjack/backend/usecase/game_usecase.go:536.3,537.17 2 7
blackjack/backend/usecase/game_usecase.go:537.17,539.4 1 1
blackjack/backend/usecase/game_usecase.go:540.3,542.13 3 6
blackjack/backend/usecase/game_usecase.go:542.13,543.79 1 4
blackjack/backend/usecase/game_usecase.go:543.79,545.5 1 0
blackjack/backend/usecase/game_usecase.go:546.4,546.85 1 4
blackjack/backend/usecase/game_usecase.go:546.85,548.5 1 0
blackjack/backend/usecase/game_usecase.go:549.4,549.29 1 4
blackjack/backend/usecase/game_usecase.go:550.9,550.50 1 2
blackjack/backend/usecase/game_usecase.go:550.50,551.84 1 0
blackjack/backend/usecase/game_usecase.go:551.84,553.5 1 0
blackjack/backend/usecase/game_usecase.go:554.4,554.85 1 0
blackjack/backend/usecase/game_usecase.go:554.85,556.5 1 0
blackjack/backend/usecase/game_usecase.go:557.4,557.29 1 0
blackjack/backend/usecase/game_usecase.go:559.8,562.79 3 2
blackjack/backend/usecase/game_usecase.go:562.79,564.4 1 0
blackjack/backend/usecase/game_usecase.go:565.3,565.84 1 2
blackjack/backend/usecase/game_usecase.go:565.84,567.4 1 0
blackjack/backend/usecase/game_usecase.go:568.3,568.28 1 2
blackjack/backend/usecase/game_usecase.go:571.2,571.50 1 8
blackjack/backend/usecase/game_usecase.go:571.50,574.3 2 2
blackjack/backend/usecase/game_usecase.go:575.2,575.61 1 8
blackjack/backend/usecase/game_usecase.go:575.61,577.3 1 0
blackjack/backend/usecase/game_usecase.go:578.2,582.69 5 8
blackjack/backend/usecase/game_usecase.go:582.69,584.17 2 8
blackjack/backend/usecase/game_usecase.go:584.17,586.4 1 1
blackjack/backend/usecase/game_usecase.go:587.3,587.10 1 7
blackjack/backend/usecase/game_usecase.go:587.10,589.4 1 1
blackjack/backend/usecase/game_usecase.go:590.3,590.59 1 6
blackjack/backend/usecase/game_usecase.go:590.59,592.4 1 1
blackjack/backend/usecase/game_usecase.go:593.3,593.59 1 5
blackjack/backend/usecase/game_usecase.go:593.59,595.4 1 1
blackjack/backend/usecase/game_usecase.go:596.3,596.50 1 4
blackjack/backend/usecase/game_usecase.go:596.50,598.4 1 0
blackjack/backend/usecase/game_usecase.go:599.3,604.17 2 4
blackjack/backend/usecase/game_usecase.go:604.17,606.4 1 0
blackjack/backend/usecase/game_usecase.go:607.3,607.94 1 4
blackjack/backend/usecase/game_usecase.go:607.94,609.4 1 2
blackjack/backend/usecase/game_usecase.go:610.3,610.13 1 2
blackjack/backend/usecase/game_usecase.go:611.17,613.3 1 6
blackjack/backend/usecase/game_usecase.go:614.2,614.24 1 2
blackjack/backend/usecase/game_usecase.go:618.100,620.16 2 9
blackjack/backend/usecase/game_usecase.go:620.16,622.3 1 0
blackjack/backend/usecase/game_usecase.go:623.2,624.17 2 9
blackjack/backend/usecase/game_usecase.go:624.17,626.3 1 0
blackjack/backend/usecase/game_usecase.go:627.2,628.49 2 9
blackjack/backend/usecase/game_usecase.go:628.49,630.3 1 2
blackjack/backend/usecase/game_usecase.go:631.2,632.49 2 7
blackjack/backend/usecase/game_usecase.go:632.49,634.3 1 1
blackjack/backend/usecase/game_usecase.go:635.2,637.28 3 6
blackjack/backend/usecase/game_usecase.go:637.28,638.25 1 5
blackjack/backend/usecase/game_usecase.go:638.25,641.9 3 5
blackjack/backend/usecase/game_usecase.go:644.2,645.19 2 6
blackjack/backend/usecase/game_usecase.go:649.106,651.16 2 5
blackjack/backend/usecase/game_usecase.go:651.16,653.3 1 1
blackjack/backend/usecase/game_usecase.go:654.2,654.43 1 4
blackjack/backend/usecase/game_usecase.go:654.43,656.3 1 0
blackjack/backend/usecase/game_usecase.go:657.2,657.56 1 4
blackjack/backend/usecase/game_usecase.go:657.56,659.3 1 1
blackjack/backend/usecase/game_usecase.go:660.2,661.34 2 3
blackjack/backend/usecase/game_usecase.go:661.34,662.25 1 3
blackjack/backend/usecase/game_usecase.go:662.25,664.9 2 3
blackjack/backend/usecase/game_usecase.go:667.2,667.20 1 3
blackjack/backend/usecase/game_usecase.go:667.20,669.3 1 1
blackjack/backend/usecase/game_usecase.go:670.2,675.13 5 2
blackjack/backend/usecase/game_usecase.go:675.13,678.3 2 1
blackjack/backend/usecase/game_usecase.go:679.2,683.8 1 2
blackjack/backend/usecase/game_usecase.go:687.67,689.28 2 11
blackjack/backend/usecase/game_usecase.go:689.28,690.85 1 16
blackjack/backend/usecase/game_usecase.go:690.85,692.4 1 14
blackjack/backend/usecase/game_usecase.go:694.2,694.12 1 11
blackjack/backend/usecase/game_usecase.go:698.95,700.26 2 4
blackjack/backend/usecase/game_usecase.go:700.26,702.3 1 3
blackjack/backend/usecase/game_usecase.go:703.2,704.31 2 4
blackjack/backend/usecase/game_usecase.go:704.31,705.31 1 4
blackjack/backend/usecase/game_usecase.go:705.31,707.4 1 3
blackjack/backend/usecase/game_usecase.go:707.9,709.4 1 1
blackjack/backend/usecase/game_usecase.go:711.2,711.10 1 4
blackjack/backend/usecase/game_usecase.go:715.81,716.31 1 6
blackjack/backend/usecase/game_usecase.go:716.31,717.39 1 10
blackjack/backend/usecase/game_usecase.go:717.39,719.4 1 2
blackjack/backend/usecase/game_usecase.go:721.2,721.14 1 4
blackjack/backend/usecase/game_usecase.go:725.114,728.16 3 5
blackjack/backend/usecase/game_usecase.go:728.16,730.3 1 1
blackjack/backend/usecase/game_usecase.go:731.2,732.28 2 4
blackjack/backend/usecase/game_usecase.go:732.28,733.85 1 5
blackjack/backend/usecase/game_usecase.go:733.85,735.4 1 4
blackjack/backend/usecase/game_usecase.go:737.2,738.62 2 4
blackjack/backend/usecase/game_usecase.go:738.62,740.3 1 1
blackjack/backend/usecase/game_usecase.go:741.2,742.33 2 3
blackjack/backend/usecase/game_usecase.go:746.221,750.16 4 10
blackjack/backend/usecase/game_usecase.go:750.16,752.3 1 1
blackjack/backend/usecase/game_usecase.go:753.2,753.9 1 9
blackjack/backend/usecase/game_usecase.go:753.9,755.3 1 2
blackjack/backend/usecase/game_usecase.go:756.2,757.16 2 7
blackjack/backend/usecase/game_usecase.go:757.16,759.3 1 0
blackjack/backend/usecase/game_usecase.go:760.2,762.16 3 7
blackjack/backend/usecase/game_usecase.go:762.16,764.3 1 0
blackjack/backend/usecase/game_usecase.go:765.2,766.16 2 7
blackjack/backend/usecase/game_usecase.go:766.16,768.3 1 0
blackjack/backend/usecase/game_usecase.go:769.2,769.60 1 7
blackjack/backend/usecase/game_usecase.go:769.60,771.3 1 1
blackjack/backend/usecase/game_usecase.go:772.2,772.83 1 6
blackjack/backend/usecase/game_usecase.go:772.83,774.3 1 0
blackjack/backend/usecase/game_usecase.go:775.2,777.42 3 6
blackjack/backend/usecase/game_usecase.go:777.42,778.83 1 1
blackjack/backend/usecase/game_usecase.go:778.83,780.4 1 0
blackjack/backend/usecase/game_usecase.go:781.3,781.84 1 1
blackjack/backend/usecase/game_usecase.go:781.84,783.4 1 0
blackjack/backend/usecase/game_usecase.go:784.3,784.28 1 1
blackjack/backend/usecase/game_usecase.go:786.2,787.61 2 6
blackjack/backend/usecase/game_usecase.go:787.61,789.3 1 0
blackjack/backend/usecase/game_usecase.go:790.2,791.52 2 6
blackjack/backend/usecase/game_usecase.go:791.52,793.3 1 1
blackjack/backend/usecase/game_usecase.go:794.2,794.58 1 5
blackjack/backend/usecase/game_usecase.go:794.58,796.3 1 1
blackjack/backend/usecase/game_usecase.go:797.2,797.58 1 4
blackjack/backend/usecase/game_usecase.go:797.58,799.3 1 1
blackjack/backend/usecase/game_usecase.go:800.2,800.49 1 3
blackjack/backend/usecase/game_usecase.go:800.49,802.3 1 1
blackjack/backend/usecase/game_usecase.go:803.2,803.18 1 2
blackjack/backend/usecase/game_usecase.go:807.172,808.18 1 19
blackjack/backend/usecase/game_usecase.go:808.18,810.3 1 1
blackjack/backend/usecase/game_usecase.go:811.2,811.60 1 18
blackjack/backend/usecase/game_usecase.go:811.60,813.3 1 3
blackjack/backend/usecase/game_usecase.go:814.2,815.16 2 15
blackjack/backend/usecase/game_usecase.go:815.16,817.3 1 1
blackjack/backend/usecase/game_usecase.go:818.2,818.70 1 14
blackjack/backend/usecase/game_usecase.go:818.70,819.36 1 2
blackjack/backend/usecase/game_usecase.go:819.36,821.4 1 1
blackjack/backend/usecase/game_usecase.go:822.3,822.23 1 1
blackjack/backend/usecase/game_usecase.go:824.2,825.16 2 12
blackjack/backend/usecase/game_usecase.go:825.16,827.3 1 1
blackjack/backend/usecase/game_usecase.go:829.2,842.69 5 11
blackjack/backend/usecase/game_usecase.go:842.69,844.17 2 11
blackjack/backend/usecase/game_usecase.go:844.17,846.4 1 1
blackjack/backend/usecase/game_usecase.go:847.3,847.52 1 10
blackjack/backend/usecase/game_usecase.go:847.52,849.4 1 1
blackjack/backend/usecase/game_usecase.go:850.3,850.62 1 9
blackjack/backend/usecase/game_usecase.go:850.62,852.4 1 1
blackjack/backend/usecase/game_usecase.go:853.3,856.80 3 8
blackjack/backend/usecase/game_usecase.go:856.80,858.4 1 0
blackjack/backend/usecase/game_usecase.go:858.9,858.20 1 8
blackjack/backend/usecase/game_usecase.go:858.20,860.4 1 1
blackjack/backend/usecase/game_usecase.go:861.3,862.17 2 7
blackjack/backend/usecase/game_usecase.go:862.17,864.4 1 1
blackjack/backend/usecase/game_usecase.go:865.3,867.32 3 6
blackjack/backend/usecase/game_usecase.go:867.32,868.21 1 6
blackjack/backend/usecase/game_usecase.go:868.21,870.10 2 5
blackjack/backend/usecase/game_usecase.go:873.3,873.18 1 6
blackjack/backend/usecase/game_usecase.go:873.18,875.4 1 1
blackjack/backend/usecase/game_usecase.go:877.3,883.36 3 5
blackjack/backend/usecase/game_usecase.go:883.36,885.4 1 4
blackjack/backend/usecase/game_usecase.go:886.3,887.50 2 5
blackjack/backend/usecase/game_usecase.go:887.50,889.4 1 1
blackjack/backend/usecase/game_usecase.go:890.3,891.27 2 4
blackjack/backend/usecase/game_usecase.go:891.27,893.4 1 1
blackjack/backend/usecase/game_usecase.go:894.3,898.57 4 4
blackjack/backend/usecase/game_usecase.go:898.57,900.4 1 1
blackjack/backend/usecase/game_usecase.go:902.3,902.10 1 3
blackjack/backend/usecase/game_usecase.go:903.18,906.18 3 0
blackjack/backend/usecase/game_usecase.go:906.18,908.5 1 0
blackjack/backend/usecase/game_usecase.go:909.4,909.15 1 0
blackjack/backend/usecase/game_usecase.go:910.15,911.68 1 1
blackjack/backend/usecase/game_usecase.go:911.68,913.5 1 0
blackjack/backend/usecase/game_usecase.go:914.11,918.18 4 2
blackjack/backend/usecase/game_usecase.go:918.18,920.5 1 0
blackjack/backend/usecase/game_usecase.go:921.4,921.11 1 2
blackjack/backend/usecase/game_usecase.go:921.11,923.5 1 0
blackjack/backend/usecase/game_usecase.go:926.3,931.17 2 3
blackjack/backend/usecase/game_usecase.go:931.17,933.4 1 0
blackjack/backend/usecase/game_usecase.go:934.3,934.78 1 3
blackjack/backend/usecase/game_usecase.go:935.17,937.3 1 8
blackjack/backend/usecase/game_usecase.go:938.2,938.24 1 3
blackjack/backend/usecase/game_usecase.go:942.110,943.88 1 16
blackjack/backend/usecase/game_usecase.go:943.88,945.3 1 57
blackjack/backend/usecase/game_usecase.go:946.2,947.16 2 16
blackjack/backend/usecase/game_usecase.go:947.16,949.3 1 0
blackjack/backend/usecase/game_usecase.go:950.2,951.16 2 16
blackjack/backend/usecase/game_usecase.go:951.16,953.3 1 2
blackjack/backend/usecase/game_usecase.go:954.2,956.16 3 14
blackjack/backend/usecase/game_usecase.go:956.16,958.3 1 0
blackjack/backend/usecase/game_usecase.go:959.2,960.16 2 14
blackjack/backend/usecase/game_usecase.go:960.16,962.3 1 0
blackjack/backend/usecase/game_usecase.go:963.2,965.16 3 14
blackjack/backend/usecase/game_usecase.go:965.16,967.3 1 0
blackjack/backend/usecase/game_usecase.go:968.2,969.16 2 14
blackjack/backend/usecase/game_usecase.go:969.16,971.3 1 0
blackjack/backend/usecase/game_usecase.go:972.2,974.16 3 14
blackjack/backend/usecase/game_usecase.go:974.16,976.3 1 1
blackjack/backend/usecase/game_usecase.go:977.2,978.16 2 13
blackjack/backend/usecase/game_usecase.go:978.16,980.3 1 0
blackjack/backend/usecase/game_usecase.go:981.2,982.12 2 13
blackjack/backend/usecase/game_usecase.go:986.145,988.79 2 4
blackjack/backend/usecase/game_usecase.go:988.79,990.3 1 1
blackjack/backend/usecase/game_usecase.go:991.2,991.82 1 3
blackjack/backend/usecase/game_usecase.go:991.82,993.3 1 0
blackjack/backend/usecase/game_usecase.go:994.2,998.16 5 3
blackjack/backend/usecase/game_usecase.go:998.16,1000.3 1 1
blackjack/backend/usecase/game_usecase.go:1001.2,1001.63 1 2
blackjack/backend/usecase/game_usecase.go:1001.63,1003.3 1 0
blackjack/backend/usecase/game_usecase.go:1004.2,1010.16 3 2
blackjack/backend/usecase/game_usecase.go:1010.16,1012.3 1 0
blackjack/backend/usecase/game_usecase.go:1013.2,1018.8 1 2
blackjack/backend/usecase/game_usecase.go:1022.87,1023.34 1 6
blackjack/backend/usecase/game_usecase.go:1023.34,1025.3 1 2
blackjack/backend/usecase/game_usecase.go:1026.2,1027.16 2 4
blackjack/backend/usecase/game_usecase.go:1027.16,1029.3 1 1
blackjack/backend/usecase/game_usecase.go:1030.2,1030.76 1 3
blackjack/backend/usecase/game_usecase.go:1030.76,1032.3 1 2
blackjack/backend/usecase/game_usecase.go:1033.2,1033.73 1 1
blackjack/backend/usecase/game_usecase.go:1033.73,1035.3 1 0
blackjack/backend/usecase/game_usecase.go:1036.2,1036.41 1 1
blackjack/backend/usecase/game_usecase.go:1040.90,1041.34 1 8
blackjack/backend/usecase/game_usecase.go:1041.34,1043.3 1 2
blackjack/backend/usecase/game_usecase.go:1044.2,1045.16 2 6
blackjack/backend/usecase/game_usecase.go:1045.16,1046.36 1 2
blackjack/backend/usecase/game_usecase.go:1046.36,1048.4 1 1
blackjack/backend/usecase/game_usecase.go:1049.3,1049.13 1 1
blackjack/backend/usecase/game_usecase.go:1051.2,1051.82 1 4
blackjack/backend/usecase/game_usecase.go:1051.82,1053.3 1 2
blackjack/backend/usecase/game_usecase.go:1054.2,1054.79 1 2
blackjack/backend/usecase/game_usecase.go:1054.79,1056.3 1 0
blackjack/backend/usecase/game_usecase.go:1057.2,1057.41 1 2
blackjack/backend/usecase/game_usecase.go:1061.83,1064.16 3 8
blackjack/backend/usecase/game_usecase.go:1064.16,1066.3 1 1
blackjack/backend/usecase/game_usecase.go:1067.2,1069.32 3 7
blackjack/backend/usecase/game_usecase.go:1069.32,1070.121 1 2
blackjack/backend/usecase/game_usecase.go:1070.121,1072.4 1 1
blackjack/backend/usecase/game_usecase.go:1073.3,1073.38 1 1
blackjack/backend/usecase/game_usecase.go:1073.38,1076.4 2 1
blackjack/backend/usecase/game_usecase.go:1078.2,1079.16 2 6
blackjack/backend/usecase/game_usecase.go:1079.16,1081.3 1 1
blackjack/backend/usecase/game_usecase.go:1082.2,1082.38 1 5
blackjack/backend/usecase/game_usecase.go:1082.38,1083.120 1 2
blackjack/backend/usecase/game_usecase.go:1083.120,1085.4 1 1
blackjack/backend/usecase/game_usecase.go:1086.3,1086.38 1 1
blackjack/backend/usecase/game_usecase.go:1086.38,1089.4 2 1
blackjack/backend/usecase/game_usecase.go:1092.2,1093.16 2 4
blackjack/backend/usecase/game_usecase.go:1093.16,1095.3 1 1
blackjack/backend/usecase/game_usecase.go:1096.2,1096.30 1 3
blackjack/backend/usecase/game_usecase.go:1096.30,1097.132 1 2
blackjack/backend/usecase/game_usecase.go:1097.132,1099.4 1 1
blackjack/backend/usecase/game_usecase.go:1100.3,1100.38 1 1
blackjack/backend/usecase/game_usecase.go:1100.38,1103.4 2 1
blackjack/backend/usecase/game_usecase.go:1105.2,1105.26 1 2
blackjack/backend/usecase/game_usecase.go:1109.91,1110.66 1 9
blackjack/backend/usecase/game_usecase.go:1110.66,1112.17 2 9
blackjack/backend/usecase/game_usecase.go:1112.17,1114.4 1 2
blackjack/backend/usecase/game_usecase.go:1115.3,1115.50 1 7
blackjack/backend/usecase/game_usecase.go:1115.50,1117.4 1 1
blackjack/backend/usecase/game_usecase.go:1118.3,1119.73 2 6
blackjack/backend/usecase/game_usecase.go:1119.73,1121.4 1 0
blackjack/backend/usecase/game_usecase.go:1122.3,1123.17 2 6
blackjack/backend/usecase/game_usecase.go:1123.17,1125.4 1 1
blackjack/backend/usecase/game_usecase.go:1126.3,1126.72 1 5
blackjack/backend/usecase/game_usecase.go:1126.72,1128.4 1 1
blackjack/backend/usecase/game_usecase.go:1129.3,1130.17 2 4
blackjack/backend/usecase/game_usecase.go:1130.17,1132.4 1 0
blackjack/backend/usecase/game_usecase.go:1133.3,1135.50 3 4
blackjack/backend/usecase/game_usecase.go:1135.50,1137.4 1 1
blackjack/backend/usecase/game_usecase.go:1138.3,1139.25 2 3
blackjack/backend/usecase/game_usecase.go:1139.25,1141.4 1 1
blackjack/backend/usecase/game_usecase.go:1142.3,1142.49 1 2
blackjack/backend/usecase/game_usecase.go:1142.49,1145.4 2 2
blackjack/backend/usecase/game_usecase.go:1146.3,1146.51 1 0
blackjack/backend/usecase/game_usecase.go:1151.80,1153.16 2 10
blackjack/backend/usecase/game_usecase.go:1153.16,1155.3 1 1
blackjack/backend/usecase/game_usecase.go:1156.2,1156.127 1 9
blackjack/backend/usecase/game_usecase.go:1156.127,1158.3 1 0
blackjack/backend/usecase/game_usecase.go:1159.2,1160.16 2 9
blackjack/backend/usecase/game_usecase.go:1160.16,1162.3 1 0
blackjack/backend/usecase/game_usecase.go:1163.2,1164.16 2 9
blackjack/backend/usecase/game_usecase.go:1164.16,1166.3 1 0
blackjack/backend/usecase/game_usecase.go:1167.2,1167.23 1 9
blackjack/backend/usecase/game_usecase.go:1167.23,1169.3 1 1
blackjack/backend/usecase/game_usecase.go:1170.2,1172.16 3 8
blackjack/backend/usecase/game_usecase.go:1172.16,1174.3 1 1
blackjack/backend/usecase/game_usecase.go:1175.2,1175.108 1 7
blackjack/backend/usecase/game_usecase.go:1175.108,1176.74 1 1
blackjack/backend/usecase/game_usecase.go:1176.74,1181.4 3 1
blackjack/backend/usecase/game_usecase.go:1183.2,1184.78 2 6
blackjack/backend/usecase/game_usecase.go:1184.78,1186.3 1 0
blackjack/backend/usecase/game_usecase.go:1187.2,1187.83 1 6
blackjack/backend/usecase/game_usecase.go:1187.83,1189.3 1 0
blackjack/backend/usecase/game_usecase.go:1190.2,1191.61 2 6
blackjack/backend/usecase/game_usecase.go:1191.61,1193.3 1 0
blackjack/backend/usecase/game_usecase.go:1194.2,1209.65 8 6
blackjack/backend/usecase/game_usecase.go:1209.65,1211.17 2 6
blackjack/backend/usecase/game_usecase.go:1211.17,1213.4 1 0
blackjack/backend/usecase/game_usecase.go:1214.3,1214.10 1 6
blackjack/backend/usecase/game_usecase.go:1214.10,1216.4 1 1
blackjack/backend/usecase/game_usecase.go:1217.3,1217.59 1 5
blackjack/backend/usecase/game_usecase.go:1217.59,1219.4 1 1
blackjack/backend/usecase/game_usecase.go:1220.3,1220.59 1 4
blackjack/backend/usecase/game_usecase.go:1220.59,1222.4 1 1
blackjack/backend/usecase/game_usecase.go:1223.3,1223.50 1 3
blackjack/backend/usecase/game_usecase.go:1223.50,1225.4 1 1
blackjack/backend/usecase/game_usecase.go:1226.3,1231.17 2 2
blackjack/backend/usecase/game_usecase.go:1231.17,1233.4 1 0
blackjack/backend/usecase/game_usecase.go:1234.3,1234.78 1 2
blackjack/backend/usecase/game_usecase.go:1236.2,1236.16 1 6
blackjack/backend/usecase/game_usecase.go:1236.16,1238.3 1 1
blackjack/backend/usecase/game_usecase.go:1239.2,1239.12 1 6
blackjack/backend/usecase/game_usecase.go:1243.79,1245.16 2 8
blackjack/backend/usecase/game_usecase.go:1245.16,1247.3 1 0
blackjack/backend/usecase/game_usecase.go:1248.2,1248.50 1 8
blackjack/backend/usecase/game_usecase.go:1248.50,1250.3 1 0
blackjack/backend/usecase/game_usecase.go:1251.2,1252.16 2 8
blackjack/backend/usecase/game_usecase.go:1252.16,1254.3 1 1
blackjack/backend/usecase/game_usecase.go:1255.2,1256.16 2 7
blackjack/backend/usecase/game_usecase.go:1256.16,1258.3 1 0
blackjack/backend/usecase/game_usecase.go:1259.2,1259.23 1 7
blackjack/backend/usecase/game_usecase.go:1259.23,1261.3 1 1
blackjack/backend/usecase/game_usecase.go:1262.2,1264.16 3 6
blackjack/backend/usecase/game_usecase.go:1264.16,1266.3 1 0
blackjack/backend/usecase/game_usecase.go:1267.2,1272.51 6 6
blackjack/backend/usecase/game_usecase.go:1272.51,1274.17 2 2
blackjack/backend/usecase/game_usecase.go:1274.17,1276.4 1 0
blackjack/backend/usecase/game_usecase.go:1277.3,1278.62 2 2
blackjack/backend/usecase/game_usecase.go:1278.62,1280.4 1 0
blackjack/backend/usecase/game_usecase.go:1281.3,1281.18 1 2
blackjack/backend/usecase/game_usecase.go:1282.8,1284.17 2 4
blackjack/backend/usecase/game_usecase.go:1284.17,1286.4 1 0
blackjack/backend/usecase/game_usecase.go:1287.3,1288.17 2 4
blackjack/backend/usecase/game_usecase.go:1288.17,1290.4 1 0
blackjack/backend/usecase/game_usecase.go:1291.3,1291.25 1 4
blackjack/backend/usecase/game_usecase.go:1293.2,1295.65 3 6
blackjack/backend/usecase/game_usecase.go:1295.65,1297.17 2 6
blackjack/backend/usecase/game_usecase.go:1297.17,1299.4 1 1
blackjack/backend/usecase/game_usecase.go:1300.3,1300.10 1 5
blackjack/backend/usecase/game_usecase.go:1300.10,1302.4 1 2
blackjack/backend/usecase/game_usecase.go:1303.3,1303.59 1 3
blackjack/backend/usecase/game_usecase.go:1303.59,1305.4 1 0
blackjack/backend/usecase/game_usecase.go:1306.3,1306.22 1 3
blackjack/backend/usecase/game_usecase.go:1306.22,1307.60 1 2
blackjack/backend/usecase/game_usecase.go:1307.60,1309.5 1 0
blackjack/backend/usecase/game_usecase.go:1310.4,1310.59 1 2
blackjack/backend/usecase/game_usecase.go:1310.59,1312.5 1 1
blackjack/backend/usecase/game_usecase.go:1313.4,1313.51 1 1
blackjack/backend/usecase/game_usecase.go:1313.51,1315.5 1 1
blackjack/backend/usecase/game_usecase.go:1317.3,1317.13 1 1
blackjack/backend/usecase/game_usecase.go:1319.2,1319.27 1 6
blackjack/backend/usecase/game_usecase.go:1319.27,1321.3 1 1
blackjack/backend/usecase/game_usecase.go:1322.2,1322.12 1 6
blackjack/backend/usecase/game_usecase.go:1326.43,1330.26 4 15
blackjack/backend/usecase/game_usecase.go:1330.26,1331.27 1 60
blackjack/backend/usecase/game_usecase.go:1331.27,1333.4 1 780
blackjack/backend/usecase/game_usecase.go:1335.2,1335.37 1 15
blackjack/backend/usecase/game_usecase.go:1335.37,1337.17 2 765
blackjack/backend/usecase/game_usecase.go:1337.17,1340.12 3 0
blackjack/backend/usecase/game_usecase.go:1342.3,1343.38 2 765
blackjack/backend/usecase/game_usecase.go:1345.2,1345.13 1 15
blackjack/backend/usecase/hooks.go:13.53,15.3 1 765
blackjack/backend/usecase/hooks.go:24.99,26.3 1 42
blackjack/backend/usecase/hooks.go:28.85,30.3 1 34
blackjack/backend/usecase/hooks.go:32.81,34.3 1 14
blackjack/backend/usecase/hooks.go:36.85,38.3 1 3
blackjack/backend/usecase/hooks.go:40.84,42.3 1 2
blackjack/backend/usecase/idempotency.go:11.151,12.45 1 27
blackjack/backend/usecase/idempotency.go:12.45,14.3 1 1
blackjack/backend/usecase/idempotency.go:15.2,16.16 2 26
blackjack/backend/usecase/idempotency.go:16.16,17.62 1 6
blackjack/backend/usecase/idempotency.go:17.62,19.4 1 4
blackjack/backend/usecase/idempotency.go:20.3,20.45 1 2
blackjack/backend/usecase/idempotency.go:22.2,22.35 1 20
blackjack/backend/usecase/idempotency.go:22.35,24.3 1 2
blackjack/backend/usecase/idempotency.go:25.2,25.23 1 18
blackjack/backend/usecase/idempotency.go:29.136,32.2 2 10
blackjack/backend/usecase/rate_limit_usecase.go:45.80,57.2 1 11
blackjack/backend/usecase/rate_limit_usecase.go:59.92,68.16 2 2
blackjack/backend/usecase/rate_limit_usecase.go:68.16,70.3 1 1
blackjack/backend/usecase/rate_limit_usecase.go:71.2,75.8 1 1
blackjack/backend/usecase/rate_limit_usecase.go:78.113,80.2 1 2
blackjack/backend/usecase/rate_limit_usecase.go:82.112,84.2 1 4
blackjack/backend/usecase/rate_limit_usecase.go:86.100,89.16 3 3
blackjack/backend/usecase/rate_limit_usecase.go:89.16,91.3 1 1
blackjack/backend/usecase/rate_limit_usecase.go:92.2,97.8 1 2
blackjack/backend/usecase/rate_limit_usecase.go:107.30,113.16 5 6
blackjack/backend/usecase/rate_limit_usecase.go:113.16,115.3 1 1
blackjack/backend/usecase/rate_limit_usecase.go:116.2,116.9 1 5
blackjack/backend/usecase/rate_limit_usecase.go:116.9,123.3 1 1
blackjack/backend/usecase/rate_limit_usecase.go:125.2,126.17 2 4
blackjack/backend/usecase/rate_limit_usecase.go:126.17,133.3 1 1
blackjack/backend/usecase/rate_limit_usecase.go:135.2,137.16 3 3
blackjack/backend/usecase/rate_limit_usecase.go:137.16,139.3 1 1
blackjack/backend/usecase/rate_limit_usecase.go:140.2,140.10 1 2
blackjack/backend/usecase/rate_limit_usecase.go:140.10,147.3 1 1
blackjack/backend/usecase/rate_limit_usecase.go:149.2,150.22 2 1
blackjack/backend/usecase/rate_limit_usecase.go:150.22,152.3 1 1
blackjack/backend/usecase/rate_limit_usecase.go:153.2,158.8 1 1
blackjack/backend/usecase/rate_limit_usecase.go:161.39,163.13 2 8
blackjack/backend/usecase/rate_limit_usecase.go:163.13,165.3 1 1
blackjack/backend/usecase/rate_limit_usecase.go:166.2,167.40 2 7
blackjack/backend/usecase/rate_limit_usecase.go:170.45,174.2 3 5
blackjack/backend/usecase/user_usecase.go:42.45,42.63 1 2
blackjack/backend/usecase/user_usecase.go:43.45,43.67 1 2
blackjack/backend/usecase/user_usecase.go:44.45,44.62 1 1
blackjack/backend/usecase/user_usecase.go:53.75,59.2 1 8
blackjack/backend/usecase/user_usecase.go:62.100,64.67 2 5
blackjack/backend/usecase/user_usecase.go:64.67,66.3 1 1
blackjack/backend/usecase/user_usecase.go:67.2,68.16 2 4
blackjack/backend/usecase/user_usecase.go:68.16,70.3 1 0
blackjack/backend/usecase/user_usecase.go:71.2,80.69 3 4
blackjack/backend/usecase/user_usecase.go:80.69,82.3 1 4
blackjack/backend/usecase/user_usecase.go:82.17,83.41 1 2
blackjack/backend/usecase/user_usecase.go:83.41,85.4 1 1
blackjack/backend/usecase/user_usecase.go:86.3,86.18 1 1
blackjack/backend/usecase/user_usecase.go:89.2,90.16 2 2
blackjack/backend/usecase/user_usecase.go:90.16,92.3 1 1
blackjack/backend/usecase/user_usecase.go:93.2,93.68 1 1
blackjack/backend/usecase/user_usecase.go:97.99,99.16 2 3
blackjack/backend/usecase/user_usecase.go:99.16,101.3 1 0
blackjack/backend/usecase/user_usecase.go:102.2,102.99 1 3
blackjack/backend/usecase/user_usecase.go:102.99,104.3 1 1
blackjack/backend/usecase/user_usecase.go:105.2,106.16 2 2
blackjack/backend/usecase/user_usecase.go:106.16,108.3 1 1
blackjack/backend/usecase/user_usecase.go:109.2,109.68 1 1
blackjack/backend/usecase/user_usecase.go:113.57,116.2 2 1
blackjack/backend/usecase/user_usecase.go:119.83,120.18 1 3
blackjack/backend/usecase/user_usecase.go:120.18,122.3 1 1
blackjack/backend/usecase/user_usecase.go:123.2,124.16 2 2
blackjack/backend/usecase/user_usecase.go:124.16,126.3 1 1
blackjack/backend/usecase/user_usecase.go:127.2,127.18 1 1
