mode: atomic
blackjack/backend/usecase/game_usecase.go:81.114,87.2 1 123
blackjack/backend/usecase/game_usecase.go:90.95,91.22 1 3
blackjack/backend/usecase/game_usecase.go:91.22,93.3 1 1
blackjack/backend/usecase/game_usecase.go:94.2,98.16 4 2
blackjack/backend/usecase/game_usecase.go:98.16,100.3 1 0
blackjack/backend/usecase/game_usecase.go:101.2,101.57 1 2
blackjack/backend/usecase/game_usecase.go:101.57,103.3 1 0
blackjack/backend/usecase/game_usecase.go:104.2,106.69 2 2
blackjack/backend/usecase/game_usecase.go:106.69,108.3 1 2
blackjack/backend/usecase/game_usecase.go:108.17,110.3 1 1
blackjack/backend/usecase/game_usecase.go:111.2,111.18 1 1
blackjack/backend/usecase/game_usecase.go:115.97,116.18 1 10
blackjack/backend/usecase/game_usecase.go:116.18,118.3 1 1
blackjack/backend/usecase/game_usecase.go:119.2,119.18 1 9
blackjack/backend/usecase/game_usecase.go:119.18,121.3 1 1
blackjack/backend/usecase/game_usecase.go:122.2,123.16 2 8
blackjack/backend/usecase/game_usecase.go:123.16,125.3 1 1
blackjack/backend/usecase/game_usecase.go:126.2,126.46 1 7
blackjack/backend/usecase/game_usecase.go:126.46,128.3 1 1
blackjack/backend/usecase/game_usecase.go:129.2,129.31 1 6
blackjack/backend/usecase/game_usecase.go:129.31,131.3 1 1
blackjack/backend/usecase/game_usecase.go:132.2,133.16 2 5
blackjack/backend/usecase/game_usecase.go:133.16,135.3 1 1
blackjack/backend/usecase/game_usecase.go:136.2,137.28 2 4
blackjack/backend/usecase/game_usecase.go:137.28,138.85 1 1
blackjack/backend/usecase/game_usecase.go:138.85,140.4 1 1
blackjack/backend/usecase/game_usecase.go:142.2,142.22 1 4
blackjack/backend/usecase/game_usecase.go:142.22,144.3 1 1
blackjack/backend/usecase/game_usecase.go:146.2,148.16 3 3
blackjack/backend/usecase/game_usecase.go:148.16,150.3 1 0
blackjack/backend/usecase/game_usecase.go:151.2,151.92 1 3
blackjack/backend/usecase/game_usecase.go:151.92,153.3 1 0
blackjack/backend/usecase/game_usecase.go:154.2,156.69 2 3
blackjack/backend/usecase/game_usecase.go:156.69,157.58 1 3
blackjack/backend/usecase/game_usecase.go:157.58,158.42 1 2
blackjack/backend/usecase/game_usecase.go:158.42,160.5 1 1
blackjack/backend/usecase/game_usecase.go:161.4,161.14 1 1
blackjack/backend/usecase/game_usecase.go:163.3,163.34 1 1
blackjack/backend/usecase/game_usecase.go:164.17,166.3 1 3
blackjack/backend/usecase/game_usecase.go:167.2,167.18 1 0
blackjack/backend/usecase/game_usecase.go:171.116,172.18 1 16
blackjack/backend/usecase/game_usecase.go:172.18,174.3 1 1
blackjack/backend/usecase/game_usecase.go:175.2,175.18 1 15
blackjack/backend/usecase/game_usecase.go:175.18,177.3 1 1
blackjack/backend/usecase/game_usecase.go:178.2,179.16 2 14
blackjack/backend/usecase/game_usecase.go:179.16,181.3 1 0
blackjack/backend/usecase/game_usecase.go:182.2,182.31 1 14
blackjack/backend/usecase/game_usecase.go:182.31,184.17 2 4
blackjack/backend/usecase/game_usecase.go:184.17,185.37 1 2
blackjack/backend/usecase/game_usecase.go:185.37,187.5 1 1
blackjack/backend/usecase/game_usecase.go:188.4,188.24 1 1
blackjack/backend/usecase/game_usecase.go:190.3,190.39 1 2
blackjack/backend/usecase/game_usecase.go:190.39,192.4 1 1
blackjack/backend/usecase/game_usecase.go:194.2,194.34 1 11
blackjack/backend/usecase/game_usecase.go:194.34,196.3 1 1
blackjack/backend/usecase/game_usecase.go:197.2,198.16 2 10
blackjack/backend/usecase/game_usecase.go:198.16,199.36 1 1
blackjack/backend/usecase/game_usecase.go:199.36,201.4 1 1
blackjack/backend/usecase/game_usecase.go:202.3,202.23 1 0
blackjack/backend/usecase/game_usecase.go:204.2,204.24 1 9
blackjack/backend/usecase/game_usecase.go:208.92,209.18 1 2
blackjack/backend/usecase/game_usecase.go:209.18,211.3 1 1
blackjack/backend/usecase/game_usecase.go:212.2,212.47 1 1
blackjack/backend/usecase/game_usecase.go:216.113,217.18 1 8
blackjack/backend/usecase/game_usecase.go:217.18,219.3 1 1
blackjack/backend/usecase/game_usecase.go:220.2,220.18 1 7
blackjack/backend/usecase/game_usecase.go:220.18,222.3 1 1
blackjack/backend/usecase/game_usecase.go:223.2,224.16 2 6
blackjack/backend/usecase/game_usecase.go:224.16,226.3 1 0
blackjack/backend/usecase/game_usecase.go:227.2,227.34 1 6
blackjack/backend/usecase/game_usecase.go:227.34,229.3 1 1
blackjack/backend/usecase/game_usecase.go:230.2,231.16 2 5
blackjack/backend/usecase/game_usecase.go:231.16,233.3 1 1
blackjack/backend/usecase/game_usecase.go:234.2,234.38 1 4
blackjack/backend/usecase/game_usecase.go:234.38,236.3 1 0
blackjack/backend/usecase/game_usecase.go:237.2,238.16 2 4
blackjack/backend/usecase/game_usecase.go:238.16,240.3 1 1
blackjack/backend/usecase/game_usecase.go:241.2,245.29 5 3
blackjack/backend/usecase/game_usecase.go:245.29,246.26 1 4
blackjack/backend/usecase/game_usecase.go:246.26,247.12 1 3
blackjack/backend/usecase/game_usecase.go:249.3,249.87 1 1
blackjack/backend/usecase/game_usecase.go:249.87,251.4 1 1
blackjack/backend/usecase/game_usecase.go:254.2,254.31 1 3
blackjack/backend/usecase/game_usecase.go:254.31,255.67 1 3
blackjack/backend/usecase/game_usecase.go:255.67,262.4 2 1
blackjack/backend/usecase/game_usecase.go:264.2,264.72 1 3
blackjack/backend/usecase/game_usecase.go:264.72,266.3 1 0
blackjack/backend/usecase/game_usecase.go:267.2,268.69 2 3
blackjack/backend/usecase/game_usecase.go:268.69,269.53 1 3
blackjack/backend/usecase/game_usecase.go:269.53,271.4 1 1
blackjack/backend/usecase/game_usecase.go:272.3,272.34 1 2
blackjack/backend/usecase/game_usecase.go:273.17,275.3 1 2
blackjack/backend/usecase/game_usecase.go:276.2,276.28 1 1
blackjack/backend/usecase/game_usecase.go:279.90,281.28 2 6
blackjack/backend/usecase/game_usecase.go:281.28,282.32 1 11
blackjack/backend/usecase/game_usecase.go:282.32,283.12 1 6
blackjack/backend/usecase/game_usecase.go:285.3,285.85 1 5
blackjack/backend/usecase/game_usecase.go:285.85,287.4 1 5
blackjack/backend/usecase/game_usecase.go:289.2,289.26 1 6
blackjack/backend/usecase/game_usecase.go:289.26,291.3 1 3
blackjack/backend/usecase/game_usecase.go:292.2,292.45 1 3
blackjack/backend/usecase/game_usecase.go:292.45,293.51 1 2
blackjack/backend/usecase/game_usecase.go:293.51,295.4 1 2
blackjack/backend/usecase/game_usecase.go:296.3,296.53 1 0
blackjack/backend/usecase/game_usecase.go:298.2,298.22 1 3
blackjack/backend/usecase/game_usecase.go:302.106,303.18 1 8
blackjack/backend/usecase/game_usecase.go:303.18,305.3 1 1
blackjack/backend/usecase/game_usecase.go:306.2,306.18 1 7
blackjack/backend/usecase/game_usecase.go:306.18,308.3 1 1
blackjack/backend/usecase/game_usecase.go:309.2,310.69 2 6
blackjack/backend/usecase/game_usecase.go:310.69,312.17 2 6
blackjack/backend/usecase/game_usecase.go:312.17,314.4 1 1
blackjack/backend/usecase/game_usecase.go:315.3,315.32 1 5
blackjack/backend/usecase/game_usecase.go:315.32,317.4 1 1
blackjack/backend/usecase/game_usecase.go:318.3,320.50 3 4
blackjack/backend/usecase/game_usecase.go:320.50,322.4 1 1
blackjack/backend/usecase/game_usecase.go:323.3,323.68 1 3
blackjack/backend/usecase/game_usecase.go:323.68,325.4 1 1
blackjack/backend/usecase/game_usecase.go:326.3,326.67 1 2
blackjack/backend/usecase/game_usecase.go:326.67,328.4 1 1
blackjack/backend/usecase/game_usecase.go:329.3,329.58 1 1
blackjack/backend/usecase/game_usecase.go:329.58,331.4 1 0
blackjack/backend/usecase/game_usecase.go:332.3,333.50 2 1
blackjack/backend/usecase/game_usecase.go:333.50,335.4 1 1
blackjack/backend/usecase/game_usecase.go:336.3,337.13 2 0
blackjack/backend/usecase/game_usecase.go:338.17,340.3 1 6
blackjack/backend/usecase/game_usecase.go:341.2,341.17 1 0
blackjack/backend/usecase/game_usecase.go:345.109,346.18 1 8
blackjack/backend/usecase/game_usecase.go:346.18,348.3 1 1
blackjack/backend/usecase/game_usecase.go:349.2,349.18 1 7
blackjack/backend/usecase/game_usecase.go:349.18,351.3 1 1
blackjack/backend/usecase/game_usecase.go:352.2,353.16 2 6
blackjack/backend/usecase/game_usecase.go:353.16,355.3 1 1
blackjack/backend/usecase/game_usecase.go:356.2,356.31 1 5
blackjack/backend/usecase/game_usecase.go:356.31,358.17 2 4
blackjack/backend/usecase/game_usecase.go:358.17,359.37 1 2
blackjack/backend/usecase/game_usecase.go:359.37,361.5 1 1
blackjack/backend/usecase/game_usecase.go:362.4,362.19 1 1
blackjack/backend/usecase/game_usecase.go:364.3,364.39 1 2
blackjack/backend/usecase/game_usecase.go:364.39,366.4 1 1
blackjack/backend/usecase/game_usecase.go:368.2,368.51 1 2
blackjack/backend/usecase/game_usecase.go:372.118,373.18 1 16
blackjack/backend/usecase/game_usecase.go:373.18,375.3 1 1
blackjack/backend/usecase/game_usecase.go:376.2,376.18 1 15
blackjack/backend/usecase/game_usecase.go:376.18,378.3 1 1
blackjack/backend/usecase/game_usecase.go:379.2,380.16 2 14
blackjack/backend/usecase/game_usecase.go:380.16,382.3 1 1
blackjack/backend/usecase/game_usecase.go:383.2,383.31 1 13
blackjack/backend/usecase/game_usecase.go:383.31,385.3 1 1
blackjack/backend/usecase/game_usecase.go:386.2,386.42 1 12
blackjack/backend/usecase/game_usecase.go:386.42,388.3 1 1
blackjack/backend/usecase/game_usecase.go:389.2,390.16 2 11
blackjack/backend/usecase/game_usecase.go:390.16,392.3 1 1
blackjack/backend/usecase/game_usecase.go:393.2,393.94 1 10
blackjack/backend/usecase/game_usecase.go:393.94,395.3 1 1
blackjack/backend/usecase/game_usecase.go:396.2,396.34 1 9
blackjack/backend/usecase/game_usecase.go:396.34,398.3 1 1
blackjack/backend/usecase/game_usecase.go:399.2,401.49 3 8
blackjack/backend/usecase/game_usecase.go:401.49,403.3 1 1
blackjack/backend/usecase/game_usecase.go:404.2,404.19 1 7
blackjack/backend/usecase/game_usecase.go:404.19,406.3 1 1
blackjack/backend/usecase/game_usecase.go:408.2,410.16 3 7
blackjack/backend/usecase/game_usecase.go:410.16,412.3 1 0
blackjack/backend/usecase/game_usecase.go:413.2,415.16 3 7
blackjack/backend/usecase/game_usecase.go:415.16,417.3 1 0
blackjack/backend/usecase/game_usecase.go:418.2,419.16 2 7
blackjack/backend/usecase/game_usecase.go:419.16,421.3 1 0
blackjack/backend/usecase/game_usecase.go:423.2,423.60 1 7
blackjack/backend/usecase/game_usecase.go:423.60,425.3 1 0
blackjack/backend/usecase/game_usecase.go:426.2,426.73 1 7
blackjack/backend/usecase/game_usecase.go:426.73,428.3 1 0
blackjack/backend/usecase/game_usecase.go:429.2,432.42 3 7
blackjack/backend/usecase/game_usecase.go:432.42,433.71 1 1
blackjack/backend/usecase/game_usecase.go:433.71,435.4 1 0
blackjack/backend/usecase/game_usecase.go:436.3,436.74 1 1
blackjack/backend/usecase/game_usecase.go:436.74,438.4 1 0
blackjack/backend/usecase/game_usecase.go:439.3,439.28 1 1
blackjack/backend/usecase/game_usecase.go:441.2,442.80 2 7
blackjack/backend/usecase/game_usecase.go:442.80,444.3 1 0
blackjack/backend/usecase/game_usecase.go:445.2,448.69 3 7
blackjack/backend/usecase/game_usecase.go:448.69,449.53 1 7
blackjack/backend/usecase/game_usecase.go:449.53,451.4 1 1
blackjack/backend/usecase/game_usecase.go:452.3,452.59 1 6
blackjack/backend/usecase/game_usecase.go:452.59,454.4 1 1
blackjack/backend/usecase/game_usecase.go:455.3,455.59 1 5
blackjack/backend/usecase/game_usecase.go:455.59,457.4 1 1
blackjack/backend/usecase/game_usecase.go:458.3,458.34 1 4
blackjack/backend/usecase/game_usecase.go:459.17,461.3 1 4
blackjack/backend/usecase/game_usecase.go:462.2,462.24 1 3
blackjack/backend/usecase/game_usecase.go:466.152,468.2 1 24
blackjack/backend/usecase/game_usecase.go:471.154,473.2 1 2
blackjack/backend/usecase/game_usecase.go:476.169,477.18 1 26
blackjack/backend/usecase/game_usecase.go:477.18,479.3 1 1
blackjack/backend/usecase/game_usecase.go:480.2,480.60 1 25
blackjack/backend/usecase/game_usecase.go:480.60,482.3 1 3
blackjack/backend/usecase/game_usecase.go:483.2,484.16 2 22
blackjack/backend/usecase/game_usecase.go:484.16,486.3 1 1
blackjack/backend/usecase/game_usecase.go:487.2,487.34 1 21
blackjack/backend/usecase/game_usecase.go:487.34,489.3 1 1
blackjack/backend/usecase/game_usecase.go:490.2,491.16 2 20
blackjack/backend/usecase/game_usecase.go:491.16,493.3 1 1
blackjack/backend/usecase/game_usecase.go:494.2,494.59 1 19
blackjack/backend/usecase/game_usecase.go:494.59,496.3 1 1
blackjack/backend/usecase/game_usecase.go:497.2,498.16 2 18
blackjack/backend/usecase/game_usecase.go:498.16,499.36 1 2
blackjack/backend/usecase/game_usecase.go:499.36,501.4 1 1
blackjack/backend/usecase/game_usecase.go:502.3,502.23 1 1
blackjack/backend/usecase/game_usecase.go:504.2,505.16 2 16
blackjack/backend/usecase/game_usecase.go:505.16,507.3 1 1
blackjack/backend/usecase/game_usecase.go:508.2,508.65 1 15
blackjack/backend/usecase/game_usecase.go:508.65,510.3 1 1
blackjack/backend/usecase/game_usecase.go:511.2,512.10 2 14
blackjack/backend/usecase/game_usecase.go:512.10,514.3 1 2
blackjack/backend/usecase/game_usecase.go:515.2,526.84 4 14
blackjack/backend/usecase/game_usecase.go:526.84,528.3 1 2
blackjack/backend/usecase/game_usecase.go:528.8,528.19 1 12
blackjack/backend/usecase/game_usecase.go:528.19,530.3 1 2
blackjack/backend/usecase/game_usecase.go:532.2,533.9 2 10
blackjack/backend/usecase/game_usecase.go:533.9,535.17 2 8
blackjack/backend/usecase/game_usecase.go:535.17,537.4 1 1
blackjack/backend/usecase/game_usecase.go:538.3,539.17 2 7
blackjack/backend/usecase/game_usecase.go:539.17,541.4 1 1
blackjack/backend/usecase/game_usecase.go:542.3,544.13 3 6
blackjack/backend/usecase/game_usecase.go:544.13,545.67 1 4
blackjack/backend/usecase/game_usecase.go:545.67,547.5 1 0
blackjack/backend/usecase/game_usecase.go:548.4,548.75 1 4
blackjack/backend/usecase/game_usecase.go:548.75,550.5 1 0
blackjack/backend/usecase/game_usecase.go:551.4,551.29 1 4
blackjack/backend/usecase/game_usecase.go:552.9,552.50 1 2
blackjack/backend/usecase/game_usecase.go:552.50,553.72 1 0
blackjack/backend/usecase/game_usecase.go:553.72,555.5 1 0
blackjack/backend/usecase/game_usecase.go:556.4,556.75 1 0
blackjack/backend/usecase/game_usecase.go:556.75,558.5 1 0
blackjack/backend/usecase/game_usecase.go:559.4,559.29 1 0
blackjack/backend/usecase/game_usecase.go:561.8,564.67 3 2
blackjack/backend/usecase/game_usecase.go:564.67,566.4 1 0
blackjack/backend/usecase/game_usecase.go:567.3,567.74 1 2
blackjack/backend/usecase/game_usecase.go:567.74,569.4 1 0
blackjack/backend/usecase/game_usecase.go:570.3,570.28 1 2
blackjack/backend/usecase/game_usecase.go:573.2,573.50 1 8
blackjack/backend/usecase/game_usecase.go:573.50,576.3 2 2
blackjack/backend/usecase/game_usecase.go:577.2,577.56 1 8
blackjack/backend/usecase/game_usecase.go:577.56,579.3 1 0
blackjack/backend/usecase/game_usecase.go:580.2,584.69 5 8
blackjack/backend/usecase/game_usecase.go:584.69,586.17 2 8
blackjack/backend/usecase/game_usecase.go:586.17,588.4 1 1
blackjack/backend/usecase/game_usecase.go:589.3,589.10 1 7
blackjack/backend/usecase/game_usecase.go:589.10,591.4 1 1
blackjack/backend/usecase/game_usecase.go:592.3,592.59 1 6
blackjack/backend/usecase/game_usecase.go:592.59,594.4 1 1
blackjack/backend/usecase/game_usecase.go:595.3,595.59 1 5
blackjack/backend/usecase/game_usecase.go:595.59,597.4 1 1
blackjack/backend/usecase/game_usecase.go:598.3,598.50 1 4
blackjack/backend/usecase/game_usecase.go:598.50,600.4 1 0
blackjack/backend/usecase/game_usecase.go:601.3,606.17 2 4
blackjack/backend/usecase/game_usecase.go:606.17,608.4 1 0
blackjack/backend/usecase/game_usecase.go:609.3,609.94 1 4
blackjack/backend/usecase/game_usecase.go:609.94,611.4 1 2
blackjack/backend/usecase/game_usecase.go:612.3,612.13 1 2
blackjack/backend/usecase/game_usecase.go:613.17,615.3 1 6
blackjack/backend/usecase/game_usecase.go:616.2,616.24 1 2
blackjack/backend/usecase/game_usecase.go:620.100,622.16 2 9
blackjack/backend/usecase/game_usecase.go:622.16,624.3 1 0
blackjack/backend/usecase/game_usecase.go:625.2,626.17 2 9
blackjack/backend/usecase/game_usecase.go:626.17,628.3 1 0
blackjack/backend/usecase/game_usecase.go:629.2,630.49 2 9
blackjack/backend/usecase/game_usecase.go:630.49,632.3 1 2
blackjack/backend/usecase/game_usecase.go:633.2,634.49 2 7
blackjack/backend/usecase/game_usecase.go:634.49,636.3 1 1
blackjack/backend/usecase/game_usecase.go:637.2,639.28 3 6
blackjack/backend/usecase/game_usecase.go:639.28,640.25 1 5
blackjack/backend/usecase/game_usecase.go:640.25,643.9 3 5
blackjack/backend/usecase/game_usecase.go:646.2,647.19 2 6
blackjack/backend/usecase/game_usecase.go:651.106,653.16 2 5
blackjack/backend/usecase/game_usecase.go:653.16,655.3 1 1
blackjack/backend/usecase/game_usecase.go:656.2,656.43 1 4
blackjack/backend/usecase/game_usecase.go:656.43,658.3 1 0
blackjack/backend/usecase/game_usecase.go:659.2,659.56 1 4
blackjack/backend/usecase/game_usecase.go:659.56,661.3 1 1
blackjack/backend/usecase/game_usecase.go:662.2,663.34 2 3
blackjack/backend/usecase/game_usecase.go:663.34,664.25 1 3
blackjack/backend/usecase/game_usecase.go:664.25,666.9 2 3
blackjack/backend/usecase/game_usecase.go:669.2,669.20 1 3
blackjack/backend/usecase/game_usecase.go:669.20,671.3 1 1
blackjack/backend/usecase/game_usecase.go:672.2,677.13 5 2
blackjack/backend/usecase/game_usecase.go:677.13,680.3 2 1
blackjack/backend/usecase/game_usecase.go:681.2,685.8 1 2
blackjack/backend/usecase/game_usecase.go:689.67,691.28 2 11
blackjack/backend/usecase/game_usecase.go:691.28,692.85 1 16
blackjack/backend/usecase/game_usecase.go:692.85,694.4 1 14
blackjack/backend/usecase/game_usecase.go:696.2,696.12 1 11
blackjack/backend/usecase/game_usecase.go:700.95,702.26 2 4
blackjack/backend/usecase/game_usecase.go:702.26,704.3 1 3
blackjack/backend/usecase/game_usecase.go:705.2,706.31 2 4
blackjack/backend/usecase/game_usecase.go:706.31,707.31 1 4
blackjack/backend/usecase/game_usecase.go:707.31,709.4 1 3
blackjack/backend/usecase/game_usecase.go:709.9,711.4 1 1
blackjack/backend/usecase/game_usecase.go:713.2,713.10 1 4
blackjack/backend/usecase/game_usecase.go:717.81,718.31 1 6
blackjack/backend/usecase/game_usecase.go:718.31,719.39 1 10
blackjack/backend/usecase/game_usecase.go:719.39,721.4 1 2
blackjack/backend/usecase/game_usecase.go:723.2,723.14 1 4
blackjack/backend/usecase/game_usecase.go:727.114,730.16 3 5
blackjack/backend/usecase/game_usecase.go:730.16,732.3 1 1
blackjack/backend/usecase/game_usecase.go:733.2,734.28 2 4
blackjack/backend/usecase/game_usecase.go:734.28,735.85 1 5
blackjack/backend/usecase/game_usecase.go:735.85,737.4 1 4
blackjack/backend/usecase/game_usecase.go:739.2,740.57 2 4
blackjack/backend/usecase/game_usecase.go:740.57,742.3 1 1
blackjack/backend/usecase/game_usecase.go:743.2,744.33 2 3
blackjack/backend/usecase/game_usecase.go:748.221,752.16 4 10
blackjack/backend/usecase/game_usecase.go:752.16,754.3 1 1
blackjack/backend/usecase/game_usecase.go:755.2,755.9 1 9
blackjack/backend/usecase/game_usecase.go:755.9,757.3 1 2
blackjack/backend/usecase/game_usecase.go:758.2,759.16 2 7
blackjack/backend/usecase/game_usecase.go:759.16,761.3 1 0
blackjack/backend/usecase/game_usecase.go:762.2,764.16 3 7
blackjack/backend/usecase/game_usecase.go:764.16,766.3 1 0
blackjack/backend/usecase/game_usecase.go:767.2,768.16 2 7
blackjack/backend/usecase/game_usecase.go:768.16,770.3 1 0
blackjack/backend/usecase/game_usecase.go:771.2,771.60 1 7
blackjack/backend/usecase/game_usecase.go:771.60,773.3 1 1
blackjack/backend/usecase/game_usecase.go:774.2,774.73 1 6
blackjack/backend/usecase/game_usecase.go:774.73,776.3 1 0
blackjack/backend/usecase/game_usecase.go:777.2,779.42 3 6
blackjack/backend/usecase/game_usecase.go:779.42,780.71 1 1
blackjack/backend/usecase/game_usecase.go:780.71,782.4 1 0
blackjack/backend/usecase/game_usecase.go:783.3,783.74 1 1
blackjack/backend/usecase/game_usecase.go:783.74,785.4 1 0
blackjack/backend/usecase/game_usecase.go:786.3,786.28 1 1
blackjack/backend/usecase/game_usecase.go:788.2,789.56 2 6
blackjack/backend/usecase/game_usecase.go:789.56,791.3 1 0
blackjack/backend/usecase/game_usecase.go:792.2,793.52 2 6
blackjack/backend/usecase/game_usecase.go:793.52,795.3 1 1
blackjack/backend/usecase/game_usecase.go:796.2,796.58 1 5
blackjack/backend/usecase/game_usecase.go:796.58,798.3 1 1
blackjack/backend/usecase/game_usecase.go:799.2,799.58 1 4
blackjack/backend/usecase/game_usecase.go:799.58,801.3 1 1
blackjack/backend/usecase/game_usecase.go:802.2,802.49 1 3
blackjack/backend/usecase/game_usecase.go:802.49,804.3 1 1
blackjack/backend/usecase/game_usecase.go:805.2,805.18 1 2
blackjack/backend/usecase/game_usecase.go:809.172,810.18 1 19
blackjack/backend/usecase/game_usecase.go:810.18,812.3 1 1
blackjack/backend/usecase/game_usecase.go:813.2,813.60 1 18
blackjack/backend/usecase/game_usecase.go:813.60,815.3 1 3
blackjack/backend/usecase/game_usecase.go:816.2,817.16 2 15
blackjack/backend/usecase/game_usecase.go:817.16,819.3 1 1
blackjack/backend/usecase/game_usecase.go:820.2,820.70 1 14
blackjack/backend/usecase/game_usecase.go:820.70,821.36 1 2
blackjack/backend/usecase/game_usecase.go:821.36,823.4 1 1
blackjack/backend/usecase/game_usecase.go:824.3,824.23 1 1
blackjack/backend/usecase/game_usecase.go:826.2,827.16 2 12
blackjack/backend/usecase/game_usecase.go:827.16,829.3 1 1
blackjack/backend/usecase/game_usecase.go:831.2,844.69 5 11
blackjack/backend/usecase/game_usecase.go:844.69,846.17 2 11
blackjack/backend/usecase/game_usecase.go:846.17,848.4 1 1
blackjack/backend/usecase/game_usecase.go:849.3,849.52 1 10
blackjack/backend/usecase/game_usecase.go:849.52,851.4 1 1
blackjack/backend/usecase/game_usecase.go:852.3,852.62 1 9
blackjack/backend/usecase/game_usecase.go:852.62,854.4 1 1
blackjack/backend/usecase/game_usecase.go:855.3,858.80 3 8
blackjack/backend/usecase/game_usecase.go:858.80,860.4 1 0
blackjack/backend/usecase/game_usecase.go:860.9,860.20 1 8
blackjack/backend/usecase/game_usecase.go:860.20,862.4 1 1
blackjack/backend/usecase/game_usecase.go:863.3,864.17 2 7
blackjack/backend/usecase/game_usecase.go:864.17,866.4 1 1
blackjack/backend/usecase/game_usecase.go:867.3,869.32 3 6
blackjack/backend/usecase/game_usecase.go:869.32,870.21 1 6
blackjack/backend/usecase/game_usecase.go:870.21,872.10 2 5
blackjack/backend/usecase/game_usecase.go:875.3,875.18 1 6
blackjack/backend/usecase/game_usecase.go:875.18,877.4 1 1
blackjack/backend/usecase/game_usecase.go:879.3,885.36 3 5
blackjack/backend/usecase/game_usecase.go:885.36,887.4 1 4
blackjack/backend/usecase/game_usecase.go:888.3,889.50 2 5
blackjack/backend/usecase/game_usecase.go:889.50,891.4 1 1
blackjack/backend/usecase/game_usecase.go:892.3,893.27 2 4
blackjack/backend/usecase/game_usecase.go:893.27,895.4 1 1
blackjack/backend/usecase/game_usecase.go:896.3,900.57 4 4
blackjack/backend/usecase/game_usecase.go:900.57,902.4 1 1
blackjack/backend/usecase/game_usecase.go:904.3,904.10 1 3
blackjack/backend/usecase/game_usecase.go:905.18,908.18 3 0
blackjack/backend/usecase/game_usecase.go:908.18,910.5 1 0
blackjack/backend/usecase/game_usecase.go:911.4,911.15 1 0
blackjack/backend/usecase/game_usecase.go:912.15,913.68 1 1
blackjack/backend/usecase/game_usecase.go:913.68,915.5 1 0
blackjack/backend/usecase/game_usecase.go:916.11,920.18 4 2
blackjack/backend/usecase/game_usecase.go:920.18,922.5 1 0
blackjack/backend/usecase/game_usecase.go:923.4,923.11 1 2
blackjack/backend/usecase/game_usecase.go:923.11,925.5 1 0
blackjack/backend/usecase/game_usecase.go:928.3,933.17 2 3
blackjack/backend/usecase/game_usecase.go:933.17,935.4 1 0
blackjack/backend/usecase/game_usecase.go:936.3,936.78 1 3
blackjack/backend/usecase/game_usecase.go:937.17,939.3 1 8
blackjack/backend/usecase/game_usecase.go:940.2,940.24 1 3
blackjack/backend/usecase/game_usecase.go:944.110,945.88 1 16
blackjack/backend/usecase/game_usecase.go:945.88,947.3 1 57
blackjack/backend/usecase/game_usecase.go:948.2,949.16 2 16
blackjack/backend/usecase/game_usecase.go:949.16,951.3 1 0
blackjack/backend/usecase/game_usecase.go:952.2,953.16 2 16
blackjack/backend/usecase/game_usecase.go:953.16,955.3 1 2
blackjack/backend/usecase/game_usecase.go:956.2,958.16 3 14
blackjack/backend/usecase/game_usecase.go:958.16,960.3 1 0
blackjack/backend/usecase/game_usecase.go:961.2,962.16 2 14
blackjack/backend/usecase/game_usecase.go:962.16,964.3 1 0
blackjack/backend/usecase/game_usecase.go:965.2,967.16 3 14
blackjack/backend/usecase/game_usecase.go:967.16,969.3 1 0
blackjack/backend/usecase/game_usecase.go:970.2,971.16 2 14
blackjack/backend/usecase/game_usecase.go:971.16,973.3 1 0
blackjack/backend/usecase/game_usecase.go:974.2,976.16 3 14
blackjack/backend/usecase/game_usecase.go:976.16,978.3 1 1
blackjack/backend/usecase/game_usecase.go:979.2,980.16 2 13
blackjack/backend/usecase/game_usecase.go:980.16,982.3 1 0
blackjack/backend/usecase/game_usecase.go:983.2,984.12 2 13
blackjack/backend/usecase/game_usecase.go:988.145,990.69 2 4
blackjack/backend/usecase/game_usecase.go:990.69,992.3 1 1
blackjack/backend/usecase/game_usecase.go:993.2,993.72 1 3
blackjack/backend/usecase/game_usecase.go:993.72,995.3 1 0
blackjack/backend/usecase/game_usecase.go:996.2,1000.16 5 3
blackjack/backend/usecase/game_usecase.go:1000.16,1002.3 1 1
blackjack/backend/usecase/game_usecase.go:1003.2,1003.54 1 2
blackjack/backend/usecase/game_usecase.go:1003.54,1005.3 1 0
blackjack/backend/usecase/game_usecase.go:1006.2,1012.16 3 2
blackjack/backend/usecase/game_usecase.go:1012.16,1014.3 1 0
blackjack/backend/usecase/game_usecase.go:1015.2,1020.8 1 2
blackjack/backend/usecase/game_usecase.go:1024.87,1025.34 1 6
blackjack/backend/usecase/game_usecase.go:1025.34,1027.3 1 2
blackjack/backend/usecase/game_usecase.go:1028.2,1029.16 2 4
blackjack/backend/usecase/game_usecase.go:1029.16,1031.3 1 1
blackjack/backend/usecase/game_usecase.go:1032.2,1032.76 1 3
blackjack/backend/usecase/game_usecase.go:1032.76,1034.3 1 2
blackjack/backend/usecase/game_usecase.go:1035.2,1035.60 1 1
blackjack/backend/usecase/game_usecase.go:1035.60,1037.3 1 0
blackjack/backend/usecase/game_usecase.go:1038.2,1038.41 1 1
blackjack/backend/usecase/game_usecase.go:1042.90,1043.34 1 8
blackjack/backend/usecase/game_usecase.go:1043.34,1045.3 1 2
blackjack/backend/usecase/game_usecase.go:1046.2,1047.16 2 6
blackjack/backend/usecase/game_usecase.go:1047.16,1048.36 1 2
blackjack/backend/usecase/game_usecase.go:1048.36,1050.4 1 1
blackjack/backend/usecase/game_usecase.go:1051.3,1051.13 1 1
blackjack/backend/usecase/game_usecase.go:1053.2,1053.82 1 4
blackjack/backend/usecase/game_usecase.go:1053.82,1055.3 1 2
blackjack/backend/usecase/game_usecase.go:1056.2,1056.66 1 2
blackjack/backend/usecase/game_usecase.go:1056.66,1058.3 1 0
blackjack/backend/usecase/game_usecase.go:1059.2,1059.41 1 2
blackjack/backend/usecase/game_usecase.go:1063.83,1066.16 3 8
blackjack/backend/usecase/game_usecase.go:1066.16,1068.3 1 1
blackjack/backend/usecase/game_usecase.go:1069.2,1071.32 3 7
blackjack/backend/usecase/game_usecase.go:1071.32,1072.121 1 2
blackjack/backend/usecase/game_usecase.go:1072.121,1074.4 1 1
blackjack/backend/usecase/game_usecase.go:1075.3,1075.38 1 1
blackjack/backend/usecase/game_usecase.go:1075.38,1078.4 2 1
blackjack/backend/usecase/game_usecase.go:1080.2,1081.16 2 6
blackjack/backend/usecase/game_usecase.go:1081.16,1083.3 1 1
blackjack/backend/usecase/game_usecase.go:1084.2,1084.38 1 5
blackjack/backend/usecase/game_usecase.go:1084.38,1085.120 1 2
blackjack/backend/usecase/game_usecase.go:1085.120,1087.4 1 1
blackjack/backend/usecase/game_usecase.go:1088.3,1088.38 1 1
blackjack/backend/usecase/game_usecase.go:1088.38,1091.4 2 1
blackjack/backend/usecase/game_usecase.go:1094.2,1095.16 2 4
blackjack/backend/usecase/game_usecase.go:1095.16,1097.3 1 1
blackjack/backend/usecase/game_usecase.go:1098.2,1098.30 1 3
blackjack/backend/usecase/game_usecase.go:1098.30,1099.132 1 2
blackjack/backend/usecase/game_usecase.go:1099.132,1101.4 1 1
blackjack/backend/usecase/game_usecase.go:1102.3,1102.38 1 1
blackjack/backend/usecase/game_usecase.go:1102.38,1105.4 2 1
blackjack/backend/usecase/game_usecase.go:1107.2,1107.26 1 2
blackjack/backend/usecase/game_usecase.go:1111.91,1112.66 1 9
blackjack/backend/usecase/game_usecase.go:1112.66,1114.17 2 9
blackjack/backend/usecase/game_usecase.go:1114.17,1116.4 1 2
blackjack/backend/usecase/game_usecase.go:1117.3,1117.50 1 7
blackjack/backend/usecase/game_usecase.go:1117.50,1119.4 1 1
blackjack/backend/usecase/game_usecase.go:1120.3,1121.73 2 6
blackjack/backend/usecase/game_usecase.go:1121.73,1123.4 1 0
blackjack/backend/usecase/game_usecase.go:1124.3,1125.17 2 6
blackjack/backend/usecase/game_usecase.go:1125.17,1127.4 1 1
blackjack/backend/usecase/game_usecase.go:1128.3,1128.72 1 5
blackjack/backend/usecase/game_usecase.go:1128.72,1130.4 1 1
blackjack/backend/usecase/game_usecase.go:1131.3,1132.17 2 4
blackjack/backend/usecase/game_usecase.go:1132.17,1134.4 1 0
blackjack/backend/usecase/game_usecase.go:1135.3,1137.50 3 4
blackjack/backend/usecase/game_usecase.go:1137.50,1139.4 1 1
blackjack/backend/usecase/game_usecase.go:1140.3,1141.25 2 3
blackjack/backend/usecase/game_usecase.go:1141.25,1143.4 1 1
blackjack/backend/usecase/game_usecase.go:1144.3,1144.49 1 2
blackjack/backend/usecase/game_usecase.go:1144.49,1147.4 2 2
blackjack/backend/usecase/game_usecase.go:1148.3,1148.51 1 0
blackjack/backend/usecase/game_usecase.go:1153.80,1155.16 2 10
blackjack/backend/usecase/game_usecase.go:1155.16,1157.3 1 1
blackjack/backend/usecase/game_usecase.go:1158.2,1158.127 1 9
blackjack/backend/usecase/game_usecase.go:1158.127,1160.3 1 0
blackjack/backend/usecase/game_usecase.go:1161.2,1162.16 2 9
blackjack/backend/usecase/game_usecase.go:1162.16,1164.3 1 0
blackjack/backend/usecase/game_usecase.go:1165.2,1166.16 2 9
blackjack/backend/usecase/game_usecase.go:1166.16,1168.3 1 0
blackjack/backend/usecase/game_usecase.go:1169.2,1169.23 1 9
blackjack/backend/usecase/game_usecase.go:1169.23,1171.3 1 1
blackjack/backend/usecase/game_usecase.go:1172.2,1174.16 3 8
blackjack/backend/usecase/game_usecase.go:1174.16,1176.3 1 1
blackjack/backend/usecase/game_usecase.go:1177.2,1177.108 1 7
blackjack/backend/usecase/game_usecase.go:1177.108,1178.74 1 1
blackjack/backend/usecase/game_usecase.go:1178.74,1183.4 3 1
blackjack/backend/usecase/game_usecase.go:1185.2,1186.66 2 6
blackjack/backend/usecase/game_usecase.go:1186.66,1188.3 1 0
blackjack/backend/usecase/game_usecase.go:1189.2,1189.73 1 6
blackjack/backend/usecase/game_usecase.go:1189.73,1191.3 1 0
blackjack/backend/usecase/game_usecase.go:1192.2,1193.56 2 6
blackjack/backend/usecase/game_usecase.go:1193.56,1195.3 1 0
blackjack/backend/usecase/game_usecase.go:1196.2,1211.65 8 6
blackjack/backend/usecase/game_usecase.go:1211.65,1213.17 2 6
blackjack/backend/usecase/game_usecase.go:1213.17,1215.4 1 0
blackjack/backend/usecase/game_usecase.go:1216.3,1216.10 1 6
blackjack/backend/usecase/game_usecase.go:1216.10,1218.4 1 1
blackjack/backend/usecase/game_usecase.go:1219.3,1219.59 1 5
blackjack/backend/usecase/game_usecase.go:1219.59,1221.4 1 1
blackjack/backend/usecase/game_usecase.go:1222.3,1222.59 1 4
blackjack/backend/usecase/game_usecase.go:1222.59,1224.4 1 1
blackjack/backend/usecase/game_usecase.go:1225.3,1225.50 1 3
blackjack/backend/usecase/game_usecase.go:1225.50,1227.4 1 1
blackjack/backend/usecase/game_usecase.go:1228.3,1233.17 2 2
blackjack/backend/usecase/game_usecase.go:1233.17,1235.4 1 0
blackjack/backend/usecase/game_usecase.go:1236.3,1236.78 1 2
blackjack/backend/usecase/game_usecase.go:1238.2,1238.16 1 6
blackjack/backend/usecase/game_usecase.go:1238.16,1240.3 1 1
blackjack/backend/usecase/game_usecase.go:1241.2,1241.12 1 6
blackjack/backend/usecase/game_usecase.go:1245.79,1247.16 2 8
blackjack/backend/usecase/game_usecase.go:1247.16,1249.3 1 0
blackjack/backend/usecase/game_usecase.go:1250.2,1250.50 1 8
blackjack/backend/usecase/game_usecase.go:1250.50,1252.3 1 0
blackjack/backend/usecase/game_usecase.go:1253.2,1254.16 2 8
blackjack/backend/usecase/game_usecase.go:1254.16,1256.3 1 1
blackjack/backend/usecase/game_usecase.go:1257.2,1258.16 2 7
blackjack/backend/usecase/game_usecase.go:1258.16,1260.3 1 0
blackjack/backend/usecase/game_usecase.go:1261.2,1261.23 1 7
blackjack/backend/usecase/game_usecase.go:1261.23,1263.3 1 1
blackjack/backend/usecase/game_usecase.go:1264.2,1266.16 3 6
blackjack/backend/usecase/game_usecase.go:1266.16,1268.3 1 0
blackjack/backend/usecase/game_usecase.go:1269.2,1274.51 6 6
blackjack/backend/usecase/game_usecase.go:1274.51,1276.17 2 2
blackjack/backend/usecase/game_usecase.go:1276.17,1278.4 1 0
blackjack/backend/usecase/game_usecase.go:1279.3,1280.57 2 2
blackjack/backend/usecase/game_usecase.go:1280.57,1282.4 1 0
blackjack/backend/usecase/game_usecase.go:1283.3,1283.18 1 2
blackjack/backend/usecase/game_usecase.go:1284.8,1286.17 2 4
blackjack/backend/usecase/game_usecase.go:1286.17,1288.4 1 0
blackjack/backend/usecase/game_usecase.go:1289.3,1290.17 2 4
blackjack/backend/usecase/game_usecase.go:1290.17,1292.4 1 0
blackjack/backend/usecase/game_usecase.go:1293.3,1293.25 1 4
blackjack/backend/usecase/game_usecase.go:1295.2,1297.65 3 6
blackjack/backend/usecase/game_usecase.go:1297.65,1299.17 2 6
blackjack/backend/usecase/game_usecase.go:1299.17,1301.4 1 1
blackjack/backend/usecase/game_usecase.go:1302.3,1302.10 1 5
blackjack/backend/usecase/game_usecase.go:1302.10,1304.4 1 2
blackjack/backend/usecase/game_usecase.go:1305.3,1305.59 1 3
blackjack/backend/usecase/game_usecase.go:1305.59,1307.4 1 0
blackjack/backend/usecase/game_usecase.go:1308.3,1308.22 1 3
blackjack/backend/usecase/game_usecase.go:1308.22,1309.60 1 2
blackjack/backend/usecase/game_usecase.go:1309.60,1311.5 1 0
blackjack/backend/usecase/game_usecase.go:1312.4,1312.59 1 2
blackjack/backend/usecase/game_usecase.go:1312.59,1314.5 1 1
blackjack/backend/usecase/game_usecase.go:1315.4,1315.51 1 1
blackjack/backend/usecase/game_usecase.go:1315.51,1317.5 1 1
blackjack/backend/usecase/game_usecase.go:1319.3,1319.13 1 1
blackjack/backend/usecase/game_usecase.go:1321.2,1321.27 1 6
blackjack/backend/usecase/game_usecase.go:1321.27,1323.3 1 1
blackjack/backend/usecase/game_usecase.go:1324.2,1324.12 1 6
blackjack/backend/usecase/game_usecase.go:1328.43,1332.26 4 15
blackjack/backend/usecase/game_usecase.go:1332.26,1333.27 1 60
blackjack/backend/usecase/game_usecase.go:1333.27,1335.4 1 780
blackjack/backend/usecase/game_usecase.go:1337.2,1337.37 1 15
blackjack/backend/usecase/game_usecase.go:1337.37,1339.17 2 765
blackjack/backend/usecase/game_usecase.go:1339.17,1342.12 3 0
blackjack/backend/usecase/game_usecase.go:1344.3,1345.38 2 765
blackjack/backend/usecase/game_usecase.go:1347.2,1347.13 1 15
blackjack/backend/usecase/idempotency.go:11.151,12.45 1 27
blackjack/backend/usecase/idempotency.go:12.45,14.3 1 1
blackjack/backend/usecase/idempotency.go:15.2,16.16 2 26
blackjack/backend/usecase/idempotency.go:16.16,17.62 1 6
blackjack/backend/usecase/idempotency.go:17.62,19.4 1 4
blackjack/backend/usecase/idempotency.go:20.3,20.45 1 2
blackjack/backend/usecase/idempotency.go:22.2,22.35 1 20
blackjack/backend/usecase/idempotency.go:22.35,24.3 1 2
blackjack/backend/usecase/idempotency.go:25.2,25.23 1 18
blackjack/backend/usecase/idempotency.go:29.136,32.2 2 10
blackjack/backend/usecase/rate_limit_usecase.go:45.80,57.2 1 11
blackjack/backend/usecase/rate_limit_usecase.go:59.92,68.16 2 2
blackjack/backend/usecase/rate_limit_usecase.go:68.16,70.3 1 1
blackjack/backend/usecase/rate_limit_usecase.go:71.2,75.8 1 1
blackjack/backend/usecase/rate_limit_usecase.go:78.113,80.2 1 2
blackjack/backend/usecase/rate_limit_usecase.go:82.112,84.2 1 4
blackjack/backend/usecase/rate_limit_usecase.go:86.100,89.16 3 3
blackjack/backend/usecase/rate_limit_usecase.go:89.16,91.3 1 1
blackjack/backend/usecase/rate_limit_usecase.go:92.2,97.8 1 2
blackjack/backend/usecase/rate_limit_usecase.go:107.30,113.16 5 6
blackjack/backend/usecase/rate_limit_usecase.go:113.16,115.3 1 1
blackjack/backend/usecase/rate_limit_usecase.go:116.2,116.9 1 5
blackjack/backend/usecase/rate_limit_usecase.go:116.9,123.3 1 1
blackjack/backend/usecase/rate_limit_usecase.go:125.2,126.17 2 4
blackjack/backend/usecase/rate_limit_usecase.go:126.17,133.3 1 1
blackjack/backend/usecase/rate_limit_usecase.go:135.2,137.16 3 3
blackjack/backend/usecase/rate_limit_usecase.go:137.16,139.3 1 1
blackjack/backend/usecase/rate_limit_usecase.go:140.2,140.10 1 2
blackjack/backend/usecase/rate_limit_usecase.go:140.10,147.3 1 1
blackjack/backend/usecase/rate_limit_usecase.go:149.2,150.22 2 1
blackjack/backend/usecase/rate_limit_usecase.go:150.22,152.3 1 1
blackjack/backend/usecase/rate_limit_usecase.go:153.2,158.8 1 1
blackjack/backend/usecase/rate_limit_usecase.go:161.39,163.13 2 8
blackjack/backend/usecase/rate_limit_usecase.go:163.13,165.3 1 1
blackjack/backend/usecase/rate_limit_usecase.go:166.2,167.40 2 7
blackjack/backend/usecase/rate_limit_usecase.go:170.45,174.2 3 5
blackjack/backend/usecase/user_usecase.go:40.45,40.63 1 2
blackjack/backend/usecase/user_usecase.go:41.45,41.67 1 2
blackjack/backend/usecase/user_usecase.go:42.45,42.62 1 1
blackjack/backend/usecase/user_usecase.go:51.75,57.2 1 8
blackjack/backend/usecase/user_usecase.go:60.100,62.67 2 5
blackjack/backend/usecase/user_usecase.go:62.67,64.3 1 1
blackjack/backend/usecase/user_usecase.go:65.2,66.16 2 4
blackjack/backend/usecase/user_usecase.go:66.16,68.3 1 0
blackjack/backend/usecase/user_usecase.go:69.2,78.69 3 4
blackjack/backend/usecase/user_usecase.go:78.69,80.3 1 4
blackjack/backend/usecase/user_usecase.go:80.17,81.41 1 2
blackjack/backend/usecase/user_usecase.go:81.41,83.4 1 1
blackjack/backend/usecase/user_usecase.go:84.3,84.18 1 1
blackjack/backend/usecase/user_usecase.go:87.2,88.16 2 2
blackjack/backend/usecase/user_usecase.go:88.16,90.3 1 1
blackjack/backend/usecase/user_usecase.go:91.2,91.68 1 1
blackjack/backend/usecase/user_usecase.go:95.99,97.16 2 3
blackjack/backend/usecase/user_usecase.go:97.16,99.3 1 0
blackjack/backend/usecase/user_usecase.go:100.2,100.99 1 3
blackjack/backend/usecase/user_usecase.go:100.99,102.3 1 1
blackjack/backend/usecase/user_usecase.go:103.2,104.16 2 2
blackjack/backend/usecase/user_usecase.go:104.16,106.3 1 1
blackjack/backend/usecase/user_usecase.go:107.2,107.68 1 1
blackjack/backend/usecase/user_usecase.go:111.57,114.2 2 1
blackjack/backend/usecase/user_usecase.go:117.83,118.18 1 3
blackjack/backend/usecase/user_usecase.go:118.18,120.3 1 1
blackjack/backend/usecase/user_usecase.go:121.2,122.16 2 2
blackjack/backend/usecase/user_usecase.go:122.16,124.3 1 1
blackjack/backend/usecase/user_usecase.go:125.2,125.18 1 1
